# JRE version: OpenJDK Runtime Environment (17.0.11) (build 17.0.11+0--11852314)
# Java VM: OpenJDK 64-Bit Server VM (17.0.11+0--11852314, mixed mode, tiered, compressed oops, compressed class ptrs, g1 gc, windows-amd64)
GC Precious Log:
 CPUs: 8 total, 8 available
 Memory: 7918M
 Large Page Support: Disabled
 NUMA Support: Disabled
 Compressed Oops: Enabled (32-bit)
 Heap Region Size: 1M
 Heap Min Capacity: 8M
 Heap Initial Capacity: 124M
 Heap Max Capacity: 2G
 Pre-touch: Disabled
 Parallel Workers: 8
 Concurrent Workers: 2
 Concurrent Refinement Workers: 8
 Periodic GC: Disabled
Heap:
 garbage-first heap   total 436224K, used 315856K [0x0000000080000000, 0x0000000100000000)
  region size 1024K, 184 young (188416K), 5 survivors (5120K)
 Metaspace       used 109818K, committed 110656K, reserved 1179648K
  class space    used 14812K, committed 15232K, reserved 1048576K
GC Heap History (20 events):
Event: 15.365 GC heap before
{Heap before GC invocations=37 (full 0):
 garbage-first heap   total 168960K, used 138273K [0x0000000080000000, 0x0000000100000000)
  region size 1024K, 70 young (71680K), 7 survivors (7168K)
 Metaspace       used 92432K, committed 93120K, reserved 1179648K
  class space    used 12915K, committed 13248K, reserved 1048576K
}
Event: 15.396 GC heap after
{Heap after GC invocations=38 (full 0):
 garbage-first heap   total 168960K, used 77752K [0x0000000080000000, 0x0000000100000000)
  region size 1024K, 8 young (8192K), 8 survivors (8192K)
 Metaspace       used 92432K, committed 93120K, reserved 1179648K
  class space    used 12915K, committed 13248K, reserved 1048576K
}
Event: 16.400 GC heap before
{Heap before GC invocations=38 (full 0):
 garbage-first heap   total 168960K, used 138168K [0x0000000080000000, 0x0000000100000000)
  region size 1024K, 68 young (69632K), 8 survivors (8192K)
 Metaspace       used 94318K, committed 95040K, reserved 1179648K
  class space    used 13186K, committed 13504K, reserved 1048576K
}
Event: 16.413 GC heap after
{Heap after GC invocations=39 (full 0):
 garbage-first heap   total 168960K, used 83839K [0x0000000080000000, 0x0000000100000000)
  region size 1024K, 9 young (9216K), 9 survivors (9216K)
 Metaspace       used 94318K, committed 95040K, reserved 1179648K
  class space    used 13186K, committed 13504K, reserved 1048576K
}
Event: 17.135 GC heap before
{Heap before GC invocations=39 (full 0):
 garbage-first heap   total 168960K, used 137087K [0x0000000080000000, 0x0000000100000000)
  region size 1024K, 61 young (62464K), 9 survivors (9216K)
 Metaspace       used 94481K, committed 95168K, reserved 1179648K
  class space    used 13186K, committed 13504K, reserved 1048576K
}
Event: 17.145 GC heap after
{Heap after GC invocations=40 (full 0):
 garbage-first heap   total 168960K, used 86634K [0x0000000080000000, 0x0000000100000000)
  region size 1024K, 5 young (5120K), 5 survivors (5120K)
 Metaspace       used 94481K, committed 95168K, reserved 1179648K
  class space    used 13186K, committed 13504K, reserved 1048576K
}
Event: 18.155 GC heap before
{Heap before GC invocations=40 (full 0):
 garbage-first heap   total 168960K, used 145002K [0x0000000080000000, 0x0000000100000000)
  region size 1024K, 55 young (56320K), 5 survivors (5120K)
 Metaspace       used 97172K, committed 97984K, reserved 1179648K
  class space    used 13460K, committed 13824K, reserved 1048576K
}
Event: 18.162 GC heap after
{Heap after GC invocations=41 (full 0):
 garbage-first heap   total 202752K, used 96024K [0x0000000080000000, 0x0000000100000000)
  region size 1024K, 7 young (7168K), 7 survivors (7168K)
 Metaspace       used 97172K, committed 97984K, reserved 1179648K
  class space    used 13460K, committed 13824K, reserved 1048576K
}
Event: 18.841 GC heap before
{Heap before GC invocations=41 (full 0):
 garbage-first heap   total 202752K, used 165656K [0x0000000080000000, 0x0000000100000000)
  region size 1024K, 68 young (69632K), 7 survivors (7168K)
 Metaspace       used 98637K, committed 99392K, reserved 1179648K
  class space    used 13624K, committed 13952K, reserved 1048576K
}
Event: 18.857 GC heap after
{Heap after GC invocations=42 (full 0):
 garbage-first heap   total 202752K, used 115475K [0x0000000080000000, 0x0000000100000000)
  region size 1024K, 9 young (9216K), 9 survivors (9216K)
 Metaspace       used 98637K, committed 99392K, reserved 1179648K
  class space    used 13624K, committed 13952K, reserved 1048576K
}
Event: 19.360 GC heap before
{Heap before GC invocations=42 (full 0):
 garbage-first heap   total 202752K, used 162579K [0x0000000080000000, 0x0000000100000000)
  region size 1024K, 53 young (54272K), 9 survivors (9216K)
 Metaspace       used 100890K, committed 101696K, reserved 1179648K
  class space    used 13906K, committed 14272K, reserved 1048576K
}
Event: 19.371 GC heap after
{Heap after GC invocations=43 (full 0):
 garbage-first heap   total 202752K, used 125565K [0x0000000080000000, 0x0000000100000000)
  region size 1024K, 7 young (7168K), 7 survivors (7168K)
 Metaspace       used 100890K, committed 101696K, reserved 1179648K
  class space    used 13906K, committed 14272K, reserved 1048576K
}
Event: 19.458 GC heap before
{Heap before GC invocations=43 (full 0):
 garbage-first heap   total 202752K, used 147069K [0x0000000080000000, 0x0000000100000000)
  region size 1024K, 9 young (9216K), 7 survivors (7168K)
 Metaspace       used 100890K, committed 101696K, reserved 1179648K
  class space    used 13906K, committed 14272K, reserved 1048576K
}
Event: 19.558 GC heap after
{Heap after GC invocations=44 (full 0):
 garbage-first heap   total 202752K, used 130057K [0x0000000080000000, 0x0000000100000000)
  region size 1024K, 1 young (1024K), 1 survivors (1024K)
 Metaspace       used 100890K, committed 101696K, reserved 1179648K
  class space    used 13906K, committed 14272K, reserved 1048576K
}
Event: 19.968 GC heap before
{Heap before GC invocations=44 (full 0):
 garbage-first heap   total 202752K, used 168969K [0x0000000080000000, 0x0000000100000000)
  region size 1024K, 35 young (35840K), 1 survivors (1024K)
 Metaspace       used 103586K, committed 104448K, reserved 1179648K
  class space    used 14169K, committed 14592K, reserved 1048576K
}
Event: 19.971 GC heap after
{Heap after GC invocations=45 (full 0):
 garbage-first heap   total 202752K, used 126751K [0x0000000080000000, 0x0000000100000000)
  region size 1024K, 3 young (3072K), 3 survivors (3072K)
 Metaspace       used 103586K, committed 104448K, reserved 1179648K
  class space    used 14169K, committed 14592K, reserved 1048576K
}
Event: 20.150 GC heap before
{Heap before GC invocations=45 (full 0):
 garbage-first heap   total 202752K, used 164639K [0x0000000080000000, 0x0000000100000000)
  region size 1024K, 41 young (41984K), 3 survivors (3072K)
 Metaspace       used 104222K, committed 105024K, reserved 1179648K
  class space    used 14238K, committed 14656K, reserved 1048576K
}
Event: 20.156 GC heap after
{Heap after GC invocations=46 (full 0):
 garbage-first heap   total 202752K, used 131863K [0x0000000080000000, 0x0000000100000000)
  region size 1024K, 6 young (6144K), 6 survivors (6144K)
 Metaspace       used 104222K, committed 105024K, reserved 1179648K
  class space    used 14238K, committed 14656K, reserved 1048576K
}
Event: 20.289 GC heap before
{Heap before GC invocations=46 (full 0):
 garbage-first heap   total 202752K, used 164631K [0x0000000080000000, 0x0000000100000000)
  region size 1024K, 39 young (39936K), 6 survivors (6144K)
 Metaspace       used 104339K, committed 105152K, reserved 1179648K
  class space    used 14243K, committed 14656K, reserved 1048576K
}
Event: 20.299 GC heap after
{Heap after GC invocations=47 (full 0):
 garbage-first heap   total 436224K, used 134608K [0x0000000080000000, 0x0000000100000000)
  region size 1024K, 5 young (5120K), 5 survivors (5120K)
 Metaspace       used 104339K, committed 105152K, reserved 1179648K
  class space    used 14243K, committed 14656K, reserved 1048576K
}

